      epoch|      steps|    steps/s|     return| value loss
___________________________________________________________
          0         150          18    -1786.09     0.09012
         10        1650          18    -1791.58     0.36235
         20        3150          19    -1809.46     0.72619
         30        4650          19    -1809.46     1.36770
         40        6150          18    -1801.85     0.81243
         50        7650          19    -1809.11     1.04451
         60        9150          19    -1809.33     0.61860
         70       10650          19    -1809.46     1.79992
         80       12150          19    -1809.46     3.74672
         90       13650          19    -1809.46     0.70928
        100       15150          19    -1809.46     0.44478
        110       16650          19    -1809.46     2.49288
        120       18150          18    -1809.46     3.27342
        130       19650          19    -1809.46     3.03250
        140       21150          19    -1809.46     2.05095
        150       22650          19    -1809.46     1.61633
        160       24150          18    -1809.46     2.06200
        170       25650          18    -1809.46     7.85937
        180       27150          19    -1809.46     2.29016
        190       28650          19    -1809.46     2.38502
        200       30150          19    -1809.46     2.40074
        210       31650          19    -1809.46     1.35398
        220       33150          18    -1809.46     0.98206
        230       34650          19    -1809.46     1.11932
        240       36150          18    -1809.46    16.22350
        250       37650          19    -1809.46     3.39262
        260       39150          19    -1809.46     1.72268
        270       40650          19    -1809.46     1.09427
        280       42150          19    -1809.46     2.81131
        290       43650          17    -1809.46     5.07897
        300       45150          18    -1809.46     2.59051
        310       46650          19    -1809.46     3.41979
        320       48150          19    -1809.46     2.53443
        330       49650          18    -1809.46     2.27252
        340       51150          19    -1809.46     8.02338
        350       52650          18    -1809.46     2.73783
        360       54150          19    -1809.46     1.92489
        370       55650          19    -1809.46     1.74924
        380       57150          18    -1809.46     8.29146
        390       58650          18    -1809.46     1.98082
        400       60150          19    -1809.46     1.79290
        410       61650          18    -1809.46     4.75526
        420       63150          18    -1809.46     4.25132
        430       64650          19    -1809.46     2.35835
        440       66150          18    -1809.46     2.11098
        450       67650          19    -1809.46     5.27168
        460       69150          19    -1809.46     9.49621
        470       70650          19    -1809.46     3.17052
        480       72150          19    -1809.46     9.22667
        490       73650          18    -1809.46     2.55484
        500       75150          18    -1809.46     6.12683
        510       76650          18    -1809.46     6.20747
        520       78150          18    -1809.46    17.34200
        530       79650          18    -1809.46     3.15940
        540       81150          18    -1809.46     2.19672
        550       82650          18    -1809.46     3.92338
        560       84150          19    -1809.46     3.52118
        570       85650          18    -1809.46    19.97327
        580       87150          18    -1809.46     2.02979
        590       88650          18    -1809.46     2.47311
        600       90150          18    -1809.46     8.93002
        610       91650          18    -1809.46     9.40752
        620       93150          18    -1809.46     3.67513
        630       94650          18    -1809.46     3.34995
        640       96150          19    -1809.46     7.21532
        650       97650          18    -1809.46     5.43620
        660       99150          18    -1809.46     3.91875
        670      100650          19    -1809.46     5.91672
        680      102150          19    -1809.46     4.29690
        690      103650          19    -1809.46     4.28582
        700      105150          18    -1809.46     5.99102
        710      106650          19    -1809.46     1.62335
        720      108150          18    -1809.46     2.77038
        730      109650          19    -1809.46     5.04525
        740      111150          19    -1809.46    12.14164
        750      112650          19    -1809.46     6.16979
        760      114150          18    -1809.46     4.94994
        770      115650          18    -1809.46     6.15536
        780      117150          19    -1809.46    16.06185
        790      118650          19    -1809.46     4.55058
        800      120150          19    -1809.46     4.38548
        810      121650          18    -1809.46     4.98860
        820      123150          18    -1809.46    10.56975
        830      124650          19    -1809.46     5.88177
        840      126150          19    -1809.46     3.07480
        850      127650          19    -1809.46     6.51640
        860      129150          18    -1809.46     9.66174
        870      130650          19    -1809.46     3.36336
        880      132150          19    -1809.46     7.20619
        890      133650          19    -1809.46     6.98696
        900      135150          19    -1809.46     7.88905
        910      136650          19    -1809.46    11.68608
        920      138150          19    -1809.46     2.61184
        930      139650          19    -1809.46     7.18570
        940      141150          18    -1809.46     4.78906
        950      142650          18    -1809.46    12.69487
        960      144150          19    -1809.46    14.59315
        970      145650          19    -1809.46     7.41434
        980      147150          19    -1809.46     1.24594
        990      148650          19    -1809.46     1.93433
