      epoch|      steps|    steps/s|     return| value loss
___________________________________________________________
          0          20          45    -1795.42     0.45293
         10         220          95    -1679.54     0.08515
         20         420          95    -1773.54     0.10008
         30         620          58    -1783.03     0.12584
         40         820          88    -1773.51     0.17324
         50        1020          92    -1805.20     0.31758
         60        1220          97    -1799.89     0.36853
         70        1420          90    -1663.21     0.19237
         80        1620          80    -1809.46     0.32046
         90        1820          98    -1793.33     0.41006
        100        2020          93    -1769.53     0.61041
        110        2220          55    -1791.33     0.38875
        120        2420          83    -1809.46     0.66067
        130        2620          96    -1808.96     2.48704
        140        2820          62    -1809.46     0.53990
        150        3020          92    -1809.46     0.46922
        160        3220          93    -1809.46     0.69684
        170        3420          60    -1809.46     0.59626
        180        3620          89    -1804.27     1.23812
        190        3820          96    -1805.14     1.24118
        200        4020          63    -1809.46     0.67348
        210        4220          95    -1809.46     0.81795
        220        4420          74    -1804.11     0.59226
        230        4620          57    -1809.46     0.83336
        240        4820          89    -1808.48     2.37175
        250        5020          61    -1809.46     1.30346
        260        5220          91    -1809.46     1.00944
        270        5420          82    -1807.11     0.92280
        280        5620          61    -1809.46     0.67194
        290        5820          88    -1809.46     1.08720
